빌드 시작: 2016-11-27 오후 4:00:46
     1>2 노드의 "C:\Users\JuHyeok\documents\visual studio 2010\Projects\algo_project\algo_project\algo_project.vcxproj" 프로젝트(build 대상)입니다.
     1>InitializeBuildStatus:
         "Debug\algo_project.unsuccessfulbuild"에 연결(touching)하고 있습니다.
       ClCompile:
         모든 출력이 최신 상태입니다.
       ManifestResourceCompile:
         모든 출력이 최신 상태입니다.
       Link:
         C:\Program Files (x86)\Microsoft Visual Studio 10.0\VC\bin\link.exe /ERRORREPORT:PROMPT /OUT:"C:\Users\JuHyeok\documents\visual studio 2010\Projects\algo_project\Debug\algo_project.exe" /INCREMENTAL /NOLOGO libmysql.lib kernel32.lib user32.lib gdi32.lib winspool.lib comdlg32.lib advapi32.lib shell32.lib ole32.lib oleaut32.lib uuid.lib odbc32.lib odbccp32.lib /MANIFEST /ManifestFile:"Debug\algo_project.exe.intermediate.manifest" /MANIFESTUAC:"level='asInvoker' uiAccess='false'" /DEBUG /PDB:"C:\Users\JuHyeok\documents\visual studio 2010\Projects\algo_project\Debug\algo_project.pdb" /SUBSYSTEM:CONSOLE /TLBID:1 /DYNAMICBASE /NXCOMPAT /IMPLIB:"C:\Users\JuHyeok\documents\visual studio 2010\Projects\algo_project\Debug\algo_project.lib" /MACHINE:X86 Debug\algo_project.exe.embed.manifest.res
         Debug\main.obj
     1>main.obj : error LNK2019: _mysql_close@4 외부 기호(참조 위치: "int __cdecl whenMySQL(class alba * * const)" (?whenMySQL@@YAHQAPAValba@@@Z) 함수)에서 확인하지 못했습니다.
     1>main.obj : error LNK2019: _mysql_free_result@4 외부 기호(참조 위치: "int __cdecl whenMySQL(class alba * * const)" (?whenMySQL@@YAHQAPAValba@@@Z) 함수)에서 확인하지 못했습니다.
     1>main.obj : error LNK2019: _mysql_fetch_row@4 외부 기호(참조 위치: "int __cdecl whenMySQL(class alba * * const)" (?whenMySQL@@YAHQAPAValba@@@Z) 함수)에서 확인하지 못했습니다.
     1>main.obj : error LNK2019: _mysql_num_fields@4 외부 기호(참조 위치: "int __cdecl whenMySQL(class alba * * const)" (?whenMySQL@@YAHQAPAValba@@@Z) 함수)에서 확인하지 못했습니다.
     1>main.obj : error LNK2019: _mysql_store_result@4 외부 기호(참조 위치: "int __cdecl whenMySQL(class alba * * const)" (?whenMySQL@@YAHQAPAValba@@@Z) 함수)에서 확인하지 못했습니다.
     1>main.obj : error LNK2019: _mysql_query@8 외부 기호(참조 위치: "int __cdecl whenMySQL(class alba * * const)" (?whenMySQL@@YAHQAPAValba@@@Z) 함수)에서 확인하지 못했습니다.
     1>main.obj : error LNK2019: _mysql_error@4 외부 기호(참조 위치: "int __cdecl whenMySQL(class alba * * const)" (?whenMySQL@@YAHQAPAValba@@@Z) 함수)에서 확인하지 못했습니다.
     1>main.obj : error LNK2019: _mysql_real_connect@32 외부 기호(참조 위치: "int __cdecl whenMySQL(class alba * * const)" (?whenMySQL@@YAHQAPAValba@@@Z) 함수)에서 확인하지 못했습니다.
     1>main.obj : error LNK2019: _mysql_init@4 외부 기호(참조 위치: "int __cdecl whenMySQL(class alba * * const)" (?whenMySQL@@YAHQAPAValba@@@Z) 함수)에서 확인하지 못했습니다.
     1>C:\Users\JuHyeok\documents\visual studio 2010\Projects\algo_project\Debug\algo_project.exe : fatal error LNK1120: 9개의 확인할 수 없는 외부 참조입니다.
     1>"C:\Users\JuHyeok\documents\visual studio 2010\Projects\algo_project\algo_project\algo_project.vcxproj" 프로젝트를 빌드했습니다(build 대상). - 실패

빌드하지 못했습니다.

경과 시간: 00:00:00.19
